mktextfm Comforta
mktextfm Comforta
mktextfm Comforta
mktextfm Comforta/BI
mktextfm Comforta
mktextfm Comforta/B
mktextfm Comforta
mktextfm Comforta/I
mktextfm Comforta
mktextfm Comforta
mktextfm Comforta
mktextfm Comforta
mktextfm Comforta
mktextfm Comforta
mktextfm Comforta
mktextfm Comforta
mktextfm Comforta
mktextfm Manorope
mktextfm Manorope
mktextfm Manorope
mktextfm Manorope/BI
mktextfm Manorope
mktextfm Manorope/B
mktextfm Manorope
mktextfm Manorope/I
mktextfm Manorope
mktextfm Manorope
mktextfm Manorope
mktextfm Manorope
mktextfm Manorope
mktextfm Manorope
mktextfm Manorope
mktextfm Manorope
mktextfm Manorope
